$************** ANSYS(R) SCADE Suite(R) - SCADETOC - Version 2021 R2 (build 20210527T210925) **************
** Generation date: 2022-02-25T19:15:21
** Command: scade -code "C:\Users\DarkLord\OneDrive\MASTER\E-Books\Semester 1\Design and Analysis of Embedded Realtime Systems\Assignments\Final Project\Elevator Control System\The Button Processor.etp" -root ControlSystem -conf KCG
*************************************************************$
*** Generated Files Information (GENFIL): KCG- Generated files
  at file C:\Users\DarkLord\OneDrive\MASTER\E-Books\Semester 1\Design and Analysis of Embedded Realtime Systems\Assignments\Final Project\Elevator Control System\KCG\mapping.xml, line 0, character 0
 ~mapping.xml
  at file C:\Users\DarkLord\OneDrive\MASTER\E-Books\Semester 1\Design and Analysis of Embedded Realtime Systems\Assignments\Final Project\Elevator Control System\KCG\kcg_metrics.txt, line 0, character 0
 ~kcg_metrics.txt
  at file C:\Users\DarkLord\OneDrive\MASTER\E-Books\Semester 1\Design and Analysis of Embedded Realtime Systems\Assignments\Final Project\Elevator Control System\KCG\ControlSystem.c, line 0, character 0
 ~ControlSystem.c
  at file C:\Users\DarkLord\OneDrive\MASTER\E-Books\Semester 1\Design and Analysis of Embedded Realtime Systems\Assignments\Final Project\Elevator Control System\KCG\ControlSystem.h, line 0, character 0
 ~ControlSystem.h
  at file C:\Users\DarkLord\OneDrive\MASTER\E-Books\Semester 1\Design and Analysis of Embedded Realtime Systems\Assignments\Final Project\Elevator Control System\KCG\kcg_types.h, line 0, character 0
 ~kcg_types.h
  at file C:\Users\DarkLord\OneDrive\MASTER\E-Books\Semester 1\Design and Analysis of Embedded Realtime Systems\Assignments\Final Project\Elevator Control System\KCG\kcg_consts.h, line 0, character 0
 ~kcg_consts.h
  at file C:\Users\DarkLord\OneDrive\MASTER\E-Books\Semester 1\Design and Analysis of Embedded Realtime Systems\Assignments\Final Project\Elevator Control System\KCG\kcg_sensors.h, line 0, character 0
 ~kcg_sensors.h
  at file C:\Users\DarkLord\OneDrive\MASTER\E-Books\Semester 1\Design and Analysis of Embedded Realtime Systems\Assignments\Final Project\Elevator Control System\KCG\kcg_types.c, line 0, character 0
 ~kcg_types.c
  at file C:\Users\DarkLord\OneDrive\MASTER\E-Books\Semester 1\Design and Analysis of Embedded Realtime Systems\Assignments\Final Project\Elevator Control System\KCG\kcg_consts.c, line 0, character 0
 ~kcg_consts.c
  at file C:\Users\DarkLord\OneDrive\MASTER\E-Books\Semester 1\Design and Analysis of Embedded Realtime Systems\Assignments\Final Project\Elevator Control System\KCG\kcg_xml_filter_out.scade, line 0, character 0
 ~kcg_xml_filter_out.scade
  at file C:\Users\DarkLord\OneDrive\MASTER\E-Books\Semester 1\Design and Analysis of Embedded Realtime Systems\Assignments\Final Project\Elevator Control System\KCG\config.txt, line 0, character 0
 ~config.txt
*** Generated Files Information (GENFIL): Code Generator Generated files
  at file C:\Users\DarkLord\OneDrive\MASTER\E-Books\Semester 1\Design and Analysis of Embedded Realtime Systems\Assignments\Final Project\Elevator Control System\KCG\user_macros.h, line 0, character 0
 ~user_macros.h
  at file C:\Users\DarkLord\OneDrive\MASTER\E-Books\Semester 1\Design and Analysis of Embedded Realtime Systems\Assignments\Final Project\Elevator Control System\KCG\kcg_imported_types.h, line 0, character 0
 ~kcg_imported_types.h
  at file C:\Users\DarkLord\OneDrive\MASTER\E-Books\Semester 1\Design and Analysis of Embedded Realtime Systems\Assignments\Final Project\Elevator Control System\KCG\sc2c.log, line 0, character 0
 ~sc2c.log
  at file C:\Users\DarkLord\OneDrive\MASTER\E-Books\Semester 1\Design and Analysis of Embedded Realtime Systems\Assignments\Final Project\Elevator Control System\KCG\sc2c_integration_files.txt, line 0, character 0
 ~sc2c_integration_files.txt
$************** ANSYS(R) SCADE Suite(R) - SCADETOC - Version 2021 R2 (build 20210527T210925) **************
** Generation date: 2022-02-25T19:15:23
** sc2c.log
*************************************************************$
