$************** ANSYS(R) SCADE Suite(R) - SCADETOC - Version 2021 R2 (build 20210527T210925) **************
** Generation date: 2022-02-26T21:08:20
** Command: scade -code "C:\Users\DarkLord\OneDrive\MASTER\E-Books\Semester 1\Design and Analysis of Embedded Realtime Systems\Assignments\Final Project\Elevator Control System\The Button Processor.etp" -root ControlSystem -conf Simulation -sim -all
*************************************************************$
*** Generated Files Information (GENFIL): KCG- Generated files
  at file C:\Users\DarkLord\OneDrive\MASTER\E-Books\Semester 1\Design and Analysis of Embedded Realtime Systems\Assignments\Final Project\Elevator Control System\Simulation\mapping.xml, line 0, character 0
 ~mapping.xml
  at file C:\Users\DarkLord\OneDrive\MASTER\E-Books\Semester 1\Design and Analysis of Embedded Realtime Systems\Assignments\Final Project\Elevator Control System\Simulation\kcg_metrics.txt, line 0, character 0
 ~kcg_metrics.txt
  at file C:\Users\DarkLord\OneDrive\MASTER\E-Books\Semester 1\Design and Analysis of Embedded Realtime Systems\Assignments\Final Project\Elevator Control System\Simulation\ControlSystem.c, line 0, character 0
 ~ControlSystem.c
  at file C:\Users\DarkLord\OneDrive\MASTER\E-Books\Semester 1\Design and Analysis of Embedded Realtime Systems\Assignments\Final Project\Elevator Control System\Simulation\ActuatorModule.c, line 0, character 0
 ~ActuatorModule.c
  at file C:\Users\DarkLord\OneDrive\MASTER\E-Books\Semester 1\Design and Analysis of Embedded Realtime Systems\Assignments\Final Project\Elevator Control System\Simulation\PositionProcessor.c, line 0, character 0
 ~PositionProcessor.c
  at file C:\Users\DarkLord\OneDrive\MASTER\E-Books\Semester 1\Design and Analysis of Embedded Realtime Systems\Assignments\Final Project\Elevator Control System\Simulation\SafetyModule.c, line 0, character 0
 ~SafetyModule.c
  at file C:\Users\DarkLord\OneDrive\MASTER\E-Books\Semester 1\Design and Analysis of Embedded Realtime Systems\Assignments\Final Project\Elevator Control System\Simulation\FloorsLocation.c, line 0, character 0
 ~FloorsLocation.c
  at file C:\Users\DarkLord\OneDrive\MASTER\E-Books\Semester 1\Design and Analysis of Embedded Realtime Systems\Assignments\Final Project\Elevator Control System\Simulation\PlanningModule.c, line 0, character 0
 ~PlanningModule.c
  at file C:\Users\DarkLord\OneDrive\MASTER\E-Books\Semester 1\Design and Analysis of Embedded Realtime Systems\Assignments\Final Project\Elevator Control System\Simulation\ButtonProcessor.c, line 0, character 0
 ~ButtonProcessor.c
  at file C:\Users\DarkLord\OneDrive\MASTER\E-Books\Semester 1\Design and Analysis of Embedded Realtime Systems\Assignments\Final Project\Elevator Control System\Simulation\Counter.c, line 0, character 0
 ~Counter.c
  at file C:\Users\DarkLord\OneDrive\MASTER\E-Books\Semester 1\Design and Analysis of Embedded Realtime Systems\Assignments\Final Project\Elevator Control System\Simulation\ControlSystem.h, line 0, character 0
 ~ControlSystem.h
  at file C:\Users\DarkLord\OneDrive\MASTER\E-Books\Semester 1\Design and Analysis of Embedded Realtime Systems\Assignments\Final Project\Elevator Control System\Simulation\ActuatorModule.h, line 0, character 0
 ~ActuatorModule.h
  at file C:\Users\DarkLord\OneDrive\MASTER\E-Books\Semester 1\Design and Analysis of Embedded Realtime Systems\Assignments\Final Project\Elevator Control System\Simulation\PositionProcessor.h, line 0, character 0
 ~PositionProcessor.h
  at file C:\Users\DarkLord\OneDrive\MASTER\E-Books\Semester 1\Design and Analysis of Embedded Realtime Systems\Assignments\Final Project\Elevator Control System\Simulation\SafetyModule.h, line 0, character 0
 ~SafetyModule.h
  at file C:\Users\DarkLord\OneDrive\MASTER\E-Books\Semester 1\Design and Analysis of Embedded Realtime Systems\Assignments\Final Project\Elevator Control System\Simulation\FloorsLocation.h, line 0, character 0
 ~FloorsLocation.h
  at file C:\Users\DarkLord\OneDrive\MASTER\E-Books\Semester 1\Design and Analysis of Embedded Realtime Systems\Assignments\Final Project\Elevator Control System\Simulation\PlanningModule.h, line 0, character 0
 ~PlanningModule.h
  at file C:\Users\DarkLord\OneDrive\MASTER\E-Books\Semester 1\Design and Analysis of Embedded Realtime Systems\Assignments\Final Project\Elevator Control System\Simulation\ButtonProcessor.h, line 0, character 0
 ~ButtonProcessor.h
  at file C:\Users\DarkLord\OneDrive\MASTER\E-Books\Semester 1\Design and Analysis of Embedded Realtime Systems\Assignments\Final Project\Elevator Control System\Simulation\Counter.h, line 0, character 0
 ~Counter.h
  at file C:\Users\DarkLord\OneDrive\MASTER\E-Books\Semester 1\Design and Analysis of Embedded Realtime Systems\Assignments\Final Project\Elevator Control System\Simulation\kcg_types.h, line 0, character 0
 ~kcg_types.h
  at file C:\Users\DarkLord\OneDrive\MASTER\E-Books\Semester 1\Design and Analysis of Embedded Realtime Systems\Assignments\Final Project\Elevator Control System\Simulation\kcg_consts.h, line 0, character 0
 ~kcg_consts.h
  at file C:\Users\DarkLord\OneDrive\MASTER\E-Books\Semester 1\Design and Analysis of Embedded Realtime Systems\Assignments\Final Project\Elevator Control System\Simulation\kcg_sensors.h, line 0, character 0
 ~kcg_sensors.h
  at file C:\Users\DarkLord\OneDrive\MASTER\E-Books\Semester 1\Design and Analysis of Embedded Realtime Systems\Assignments\Final Project\Elevator Control System\Simulation\kcg_types.c, line 0, character 0
 ~kcg_types.c
  at file C:\Users\DarkLord\OneDrive\MASTER\E-Books\Semester 1\Design and Analysis of Embedded Realtime Systems\Assignments\Final Project\Elevator Control System\Simulation\kcg_consts.c, line 0, character 0
 ~kcg_consts.c
  at file C:\Users\DarkLord\OneDrive\MASTER\E-Books\Semester 1\Design and Analysis of Embedded Realtime Systems\Assignments\Final Project\Elevator Control System\Simulation\config.txt, line 0, character 0
 ~config.txt
*** Generated Files Information (GENFIL): Code Generator Generated files
  at file C:\Users\DarkLord\OneDrive\MASTER\E-Books\Semester 1\Design and Analysis of Embedded Realtime Systems\Assignments\Final Project\Elevator Control System\Simulation\user_macros.h, line 0, character 0
 ~user_macros.h
  at file C:\Users\DarkLord\OneDrive\MASTER\E-Books\Semester 1\Design and Analysis of Embedded Realtime Systems\Assignments\Final Project\Elevator Control System\Simulation\kcg_imported_types.h, line 0, character 0
 ~kcg_imported_types.h
  at file C:\Users\DarkLord\OneDrive\MASTER\E-Books\Semester 1\Design and Analysis of Embedded Realtime Systems\Assignments\Final Project\Elevator Control System\Simulation\sc2c.log, line 0, character 0
 ~sc2c.log
  at file C:\Users\DarkLord\OneDrive\MASTER\E-Books\Semester 1\Design and Analysis of Embedded Realtime Systems\Assignments\Final Project\Elevator Control System\Simulation\sc2c_integration_files.txt, line 0, character 0
 ~sc2c_integration_files.txt
*** Generated Files Information (GENFIL): Type Utils Generated files
  at file C:\Users\DarkLord\OneDrive\MASTER\E-Books\Semester 1\Design and Analysis of Embedded Realtime Systems\Assignments\Final Project\Elevator Control System\Simulation\The Button Processor_type.h, line 0, character 0
 ~The Button Processor_type.h
  at file C:\Users\DarkLord\OneDrive\MASTER\E-Books\Semester 1\Design and Analysis of Embedded Realtime Systems\Assignments\Final Project\Elevator Control System\Simulation\The Button Processor_type.c, line 0, character 0
 ~The Button Processor_type.c
*** Generated Files Information (GENFIL): Mapping Utils Generated files
  at file C:\Users\DarkLord\OneDrive\MASTER\E-Books\Semester 1\Design and Analysis of Embedded Realtime Systems\Assignments\Final Project\Elevator Control System\Simulation\The Button Processor_mapping.h, line 0, character 0
 ~The Button Processor_mapping.h
  at file C:\Users\DarkLord\OneDrive\MASTER\E-Books\Semester 1\Design and Analysis of Embedded Realtime Systems\Assignments\Final Project\Elevator Control System\Simulation\The Button Processor_mapping.c, line 0, character 0
 ~The Button Processor_mapping.c
*** Generated Files Information (GENFIL): Simulator Generated files
  at file C:\Users\DarkLord\OneDrive\MASTER\E-Books\Semester 1\Design and Analysis of Embedded Realtime Systems\Assignments\Final Project\Elevator Control System\Simulation\The Button Processor_interface.h, line 0, character 0
 ~The Button Processor_interface.h
  at file C:\Users\DarkLord\OneDrive\MASTER\E-Books\Semester 1\Design and Analysis of Embedded Realtime Systems\Assignments\Final Project\Elevator Control System\Simulation\The Button Processor_interface.c, line 0, character 0
 ~The Button Processor_interface.c
  at file C:\Users\DarkLord\OneDrive\MASTER\E-Books\Semester 1\Design and Analysis of Embedded Realtime Systems\Assignments\Final Project\Elevator Control System\Simulation\The Button Processor_dll.c, line 0, character 0
 ~The Button Processor_dll.c
*** Generated Files Information (GENFIL): Build Generated files
  at file C:\Users\DarkLord\OneDrive\MASTER\E-Books\Semester 1\Design and Analysis of Embedded Realtime Systems\Assignments\Final Project\Elevator Control System\Simulation\Makefile_win64, line 0, character 0
 ~Makefile_win64
  at file C:\Users\DarkLord\OneDrive\MASTER\E-Books\Semester 1\Design and Analysis of Embedded Realtime Systems\Assignments\Final Project\Elevator Control System\Simulation\ControlSystem.dll, line 0, character 0
 ~ControlSystem.dll
  at file C:\Users\DarkLord\OneDrive\MASTER\E-Books\Semester 1\Design and Analysis of Embedded Realtime Systems\Assignments\Final Project\Elevator Control System\Simulation\ControlSystem.exe, line 0, character 0
 ~ControlSystem.exe
$************** ANSYS(R) SCADE Suite(R) - SCADETOC - Version 2021 R2 (build 20210527T210925) **************
** Generation date: 2022-02-26T21:08:28
** sc2c.log
*************************************************************$
